Warning: Native modules not compiled.  XOR performance will be degraded.
Warning: Native modules not compiled.  UTF-8 validation disabled.
[2013-05-03 13:35:08] INFO jmsClient - msgServer host=127.0.0.1,port=8992
[2013-05-03 13:35:08] INFO jmsClient - connect to msgServer with host=127.0.0.1,port=8992
[2013-05-03 13:35:08] INFO WsHttpServer - listen 0.0.0.0:8899
[2013-05-03 13:35:08] INFO jmsClient - connect to msgServer sucess
[2013-05-03 13:35:08] INFO jmsClient - subscribe tag=20
[2013-05-03 13:35:08] INFO jmsClient - subscribe tag=30
[2013-05-03 13:35:08] INFO jmsClient - subscribe tag=40
[2013-05-03 13:35:17] DEBUG msgProcessor - processHttpServerMsg
[2013-05-03 13:35:17] DEBUG msgProcessor - processHttpServerMsg
[2013-05-03 13:35:17] DEBUG msgProcessor - processHttpServerMsg
[2013-05-03 13:35:17] DEBUG msgProcessor - processHttpServerMsg
[2013-05-03 13:35:17] DEBUG msgProcessor - processHttpServerMsg
[2013-05-03 13:35:17] DEBUG msgProcessor - processHttpServerMsg
[2013-05-03 13:35:17] DEBUG msgProcessor - processHttpServerMsg
[2013-05-03 13:35:17] DEBUG msgProcessor - processHttpServerMsg
[2013-05-03 13:35:18] DEBUG msgProcessor - processHttpServerMsg
[2013-05-03 13:35:18] INFO WsHttpServer - accept client from 183.239.28.81
[2013-05-03 13:35:18] DEBUG msgProcessor - processWsHttpServerMsg
[2013-05-03 13:35:18] DEBUG msgProcessor - processWsHttpServerMsg
[2013-05-03 13:35:19] DEBUG msgProcessor - processHttpServerMsg
[2013-05-03 13:35:22] DEBUG msgProcessor - processHttpServerMsg
[2013-05-03 13:35:23] DEBUG msgProcessor - processHttpServerMsg
[2013-05-03 13:35:23] DEBUG msgProcessor - processHttpServerMsg
[2013-05-03 13:35:23] DEBUG msgProcessor - processHttpServerMsg
[2013-05-03 13:35:23] DEBUG msgProcessor - processHttpServerMsg
[2013-05-03 13:35:23] DEBUG msgProcessor - processHttpServerMsg
[2013-05-03 13:35:23] DEBUG msgProcessor - processHttpServerMsg
[2013-05-03 13:35:23] DEBUG msgProcessor - processHttpServerMsg
[2013-05-03 13:35:24] DEBUG msgProcessor - processHttpServerMsg
[2013-05-03 13:35:24] DEBUG msgProcessor - processHttpServerMsg
[2013-05-03 13:35:24] INFO WsHttpServer - accept client from 183.239.28.81
[2013-05-03 13:35:24] DEBUG msgProcessor - processWsHttpServerMsg
[2013-05-03 13:35:24] DEBUG msgProcessor - processWsHttpServerMsg
[2013-05-03 13:35:24] DEBUG msgProcessor - processHttpServerMsg
[2013-05-03 13:35:31] DEBUG msgProcessor - processHttpServerMsg
[2013-05-03 13:35:31] DEBUG msgProcessor - processWsHttpServerMsg
[2013-05-03 13:35:31] DEBUG msgProcessor - processHttpServerMsg
[2013-05-03 13:35:31] DEBUG msgProcessor - processHttpServerMsg
[2013-05-03 13:35:31] DEBUG msgProcessor - processHttpServerMsg
[2013-05-03 13:35:31] DEBUG msgProcessor - processHttpServerMsg
[2013-05-03 13:35:31] DEBUG msgProcessor - processHttpServerMsg
[2013-05-03 13:35:31] DEBUG msgProcessor - processHttpServerMsg
[2013-05-03 13:35:32] DEBUG msgProcessor - processHttpServerMsg
[2013-05-03 13:35:33] DEBUG msgProcessor - processHttpServerMsg
[2013-05-03 13:35:33] DEBUG msgProcessor - processHttpServerMsg
[2013-05-03 13:35:33] INFO WsHttpServer - accept client from 183.239.28.81
[2013-05-03 13:35:33] DEBUG msgProcessor - processWsHttpServerMsg
[2013-05-03 13:35:33] DEBUG msgProcessor - processWsHttpServerMsg
[2013-05-03 13:35:33] DEBUG msgProcessor - processHttpServerMsg
[2013-05-03 13:35:36] DEBUG msgProcessor - processHttpServerMsg
[2013-05-03 13:35:36] DEBUG msgProcessor - processWsHttpServerMsg
[2013-05-03 13:35:36] DEBUG msgProcessor - processHttpServerMsg
[2013-05-03 13:35:36] DEBUG msgProcessor - processHttpServerMsg
[2013-05-03 13:35:36] DEBUG msgProcessor - processHttpServerMsg
[2013-05-03 13:35:36] DEBUG msgProcessor - processHttpServerMsg
[2013-05-03 13:35:36] DEBUG msgProcessor - processHttpServerMsg
[2013-05-03 13:35:36] DEBUG msgProcessor - processHttpServerMsg
[2013-05-03 13:35:36] DEBUG msgProcessor - processHttpServerMsg
[2013-05-03 13:35:38] DEBUG msgProcessor - processHttpServerMsg
[2013-05-03 13:35:38] INFO WsHttpServer - accept client from 183.239.28.81
[2013-05-03 13:35:38] DEBUG msgProcessor - processWsHttpServerMsg
[2013-05-03 13:35:38] DEBUG msgProcessor - processWsHttpServerMsg
[2013-05-03 13:35:38] DEBUG msgProcessor - processHttpServerMsg
[2013-05-03 13:49:46] DEBUG msgProcessor - processHttpServerMsg
[2013-05-03 13:49:47] DEBUG msgProcessor - processHttpServerMsg
[2013-05-03 13:49:47] DEBUG msgProcessor - processHttpServerMsg
[2013-05-03 13:49:47] DEBUG msgProcessor - processHttpServerMsg
[2013-05-03 13:49:47] DEBUG msgProcessor - processHttpServerMsg
[2013-05-03 13:49:47] DEBUG msgProcessor - processHttpServerMsg
[2013-05-03 13:49:47] DEBUG msgProcessor - processHttpServerMsg
[2013-05-03 13:49:47] DEBUG msgProcessor - processHttpServerMsg
[2013-05-03 13:49:47] DEBUG msgProcessor - processHttpServerMsg
[2013-05-03 13:49:49] DEBUG msgProcessor - processHttpServerMsg
[2013-05-03 13:49:49] INFO WsHttpServer - accept client from 183.239.28.81
[2013-05-03 13:49:49] DEBUG msgProcessor - processWsHttpServerMsg
[2013-05-03 13:49:49] DEBUG msgProcessor - processHttpServerMsg
[2013-05-03 13:49:49] DEBUG msgProcessor - processWsHttpServerMsg
[2013-05-03 13:49:59] DEBUG msgProcessor - processHttpServerMsg
[2013-05-03 13:49:59] DEBUG msgProcessor - processHttpServerMsg
[2013-05-03 13:49:59] DEBUG msgProcessor - processHttpServerMsg
[2013-05-03 13:49:59] DEBUG msgProcessor - processHttpServerMsg
[2013-05-03 13:49:59] DEBUG msgProcessor - processHttpServerMsg
[2013-05-03 13:49:59] DEBUG msgProcessor - processHttpServerMsg
[2013-05-03 13:49:59] DEBUG msgProcessor - processHttpServerMsg
[2013-05-03 13:49:59] DEBUG msgProcessor - processHttpServerMsg
[2013-05-03 13:50:00] DEBUG msgProcessor - processHttpServerMsg
[2013-05-03 13:50:00] DEBUG msgProcessor - processHttpServerMsg
[2013-05-03 13:50:00] INFO WsHttpServer - accept client from 183.239.28.81
[2013-05-03 13:50:00] DEBUG msgProcessor - processWsHttpServerMsg
[2013-05-03 13:50:00] DEBUG msgProcessor - processWsHttpServerMsg
[2013-05-03 13:50:01] DEBUG msgProcessor - processHttpServerMsg
[2013-05-03 14:08:32] DEBUG msgProcessor - processHttpServerMsg
[2013-05-03 14:08:33] DEBUG msgProcessor - processHttpServerMsg
[2013-05-03 14:08:33] DEBUG msgProcessor - processHttpServerMsg
[2013-05-03 14:08:33] DEBUG msgProcessor - processHttpServerMsg
[2013-05-03 14:08:33] DEBUG msgProcessor - processHttpServerMsg
[2013-05-03 14:08:33] DEBUG msgProcessor - processHttpServerMsg
[2013-05-03 14:08:33] DEBUG msgProcessor - processHttpServerMsg
[2013-05-03 14:08:33] DEBUG msgProcessor - processHttpServerMsg
[2013-05-03 14:08:34] DEBUG msgProcessor - processHttpServerMsg
[2013-05-03 14:08:34] DEBUG msgProcessor - processHttpServerMsg
[2013-05-03 14:08:35] DEBUG msgProcessor - processHttpServerMsg
[2013-05-03 14:11:37] DEBUG msgProcessor - processHttpServerMsg
[2013-05-03 14:11:37] DEBUG msgProcessor - processWsHttpServerMsg
[2013-05-03 14:11:37] DEBUG msgProcessor - processHttpServerMsg
[2013-05-03 14:11:37] DEBUG msgProcessor - processHttpServerMsg
[2013-05-03 14:11:37] DEBUG msgProcessor - processHttpServerMsg
[2013-05-03 14:11:37] DEBUG msgProcessor - processHttpServerMsg
[2013-05-03 14:11:37] DEBUG msgProcessor - processHttpServerMsg
[2013-05-03 14:11:37] DEBUG msgProcessor - processHttpServerMsg
[2013-05-03 14:11:37] DEBUG msgProcessor - processHttpServerMsg
[2013-05-03 14:11:38] DEBUG msgProcessor - processHttpServerMsg
[2013-05-03 14:11:38] DEBUG msgProcessor - processHttpServerMsg
[2013-05-03 14:11:38] INFO WsHttpServer - accept client from 183.239.28.81
[2013-05-03 14:11:38] DEBUG msgProcessor - processWsHttpServerMsg
[2013-05-03 14:11:38] DEBUG msgProcessor - processWsHttpServerMsg
[2013-05-03 14:11:38] DEBUG msgProcessor - processHttpServerMsg
[2013-05-03 14:11:49] DEBUG msgProcessor - processHttpServerMsg
[2013-05-03 14:11:49] DEBUG msgProcessor - processWsHttpServerMsg
[2013-05-03 14:11:49] DEBUG msgProcessor - processHttpServerMsg
[2013-05-03 14:11:49] DEBUG msgProcessor - processHttpServerMsg
[2013-05-03 14:11:49] DEBUG msgProcessor - processHttpServerMsg
[2013-05-03 14:11:49] DEBUG msgProcessor - processHttpServerMsg
[2013-05-03 14:11:49] DEBUG msgProcessor - processHttpServerMsg
[2013-05-03 14:11:49] DEBUG msgProcessor - processHttpServerMsg
[2013-05-03 14:11:49] DEBUG msgProcessor - processHttpServerMsg
[2013-05-03 14:11:50] DEBUG msgProcessor - processHttpServerMsg
[2013-05-03 14:11:50] INFO WsHttpServer - accept client from 183.239.28.81
[2013-05-03 14:11:50] DEBUG msgProcessor - processWsHttpServerMsg
[2013-05-03 14:11:50] DEBUG msgProcessor - processWsHttpServerMsg
[2013-05-03 14:11:50] DEBUG msgProcessor - processHttpServerMsg
[2013-05-03 14:11:52] DEBUG msgProcessor - processHttpServerMsg
[2013-05-03 14:11:53] DEBUG msgProcessor - processWsHttpServerMsg
[2013-05-03 14:11:53] DEBUG msgProcessor - processHttpServerMsg
[2013-05-03 14:11:53] DEBUG msgProcessor - processHttpServerMsg
[2013-05-03 14:11:53] DEBUG msgProcessor - processHttpServerMsg
[2013-05-03 14:11:53] DEBUG msgProcessor - processHttpServerMsg
[2013-05-03 14:11:53] DEBUG msgProcessor - processHttpServerMsg
[2013-05-03 14:11:53] DEBUG msgProcessor - processHttpServerMsg
[2013-05-03 14:11:53] DEBUG msgProcessor - processHttpServerMsg
[2013-05-03 14:11:54] DEBUG msgProcessor - processHttpServerMsg
[2013-05-03 14:11:54] INFO WsHttpServer - accept client from 183.239.28.81
[2013-05-03 14:11:54] DEBUG msgProcessor - processWsHttpServerMsg
[2013-05-03 14:11:54] DEBUG msgProcessor - processWsHttpServerMsg
[2013-05-03 14:11:54] DEBUG msgProcessor - processHttpServerMsg
[2013-05-03 14:12:19] DEBUG msgProcessor - processHttpServerMsg
[2013-05-03 14:12:20] DEBUG msgProcessor - processHttpServerMsg
[2013-05-03 14:12:20] DEBUG msgProcessor - processHttpServerMsg
[2013-05-03 14:12:20] DEBUG msgProcessor - processHttpServerMsg
[2013-05-03 14:12:20] DEBUG msgProcessor - processHttpServerMsg
[2013-05-03 14:12:20] DEBUG msgProcessor - processHttpServerMsg
[2013-05-03 14:12:20] DEBUG msgProcessor - processHttpServerMsg
[2013-05-03 14:12:20] DEBUG msgProcessor - processHttpServerMsg
[2013-05-03 14:12:21] DEBUG msgProcessor - processHttpServerMsg
[2013-05-03 14:12:21] INFO WsHttpServer - accept client from 183.239.28.81
[2013-05-03 14:12:21] DEBUG msgProcessor - processWsHttpServerMsg
[2013-05-03 14:12:21] DEBUG msgProcessor - processWsHttpServerMsg
[2013-05-03 14:12:21] DEBUG msgProcessor - processHttpServerMsg
[2013-05-03 14:16:26] DEBUG msgProcessor - processHttpServerMsg
[2013-05-03 14:16:26] DEBUG msgProcessor - processHttpServerMsg
[2013-05-03 14:16:26] DEBUG msgProcessor - processHttpServerMsg
[2013-05-03 14:16:26] DEBUG msgProcessor - processHttpServerMsg
[2013-05-03 14:16:26] DEBUG msgProcessor - processHttpServerMsg
[2013-05-03 14:16:26] DEBUG msgProcessor - processHttpServerMsg
[2013-05-03 14:16:26] DEBUG msgProcessor - processHttpServerMsg
[2013-05-03 14:16:26] DEBUG msgProcessor - processHttpServerMsg
[2013-05-03 14:16:27] DEBUG msgProcessor - processHttpServerMsg
[2013-05-03 14:16:27] INFO WsHttpServer - accept client from 183.239.28.81
[2013-05-03 14:16:27] DEBUG msgProcessor - processWsHttpServerMsg
[2013-05-03 14:16:27] DEBUG msgProcessor - processWsHttpServerMsg
[2013-05-03 14:16:27] DEBUG msgProcessor - processHttpServerMsg
[2013-05-03 14:16:33] DEBUG msgProcessor - processWsHttpServerMsg
[2013-05-03 14:16:34] DEBUG msgProcessor - processWsHttpServerMsg
[2013-05-03 14:16:34] DEBUG msgProcessor - processWsHttpServerMsg
[2013-05-03 14:16:50] DEBUG msgProcessor - processWsHttpServerMsg
[2013-05-03 14:16:52] DEBUG msgProcessor - processWsHttpServerMsg
[2013-05-03 14:20:39] DEBUG msgProcessor - processHttpServerMsg
[2013-05-03 14:20:39] DEBUG msgProcessor - processWsHttpServerMsg
[2013-05-03 14:20:39] DEBUG msgProcessor - processHttpServerMsg
[2013-05-03 14:20:39] DEBUG msgProcessor - processHttpServerMsg
[2013-05-03 14:20:39] DEBUG msgProcessor - processHttpServerMsg
[2013-05-03 14:20:39] DEBUG msgProcessor - processHttpServerMsg
[2013-05-03 14:20:39] DEBUG msgProcessor - processHttpServerMsg
[2013-05-03 14:20:39] DEBUG msgProcessor - processHttpServerMsg
[2013-05-03 14:20:39] DEBUG msgProcessor - processHttpServerMsg
[2013-05-03 14:20:40] DEBUG msgProcessor - processHttpServerMsg
[2013-05-03 14:20:40] INFO WsHttpServer - accept client from 183.239.28.81
[2013-05-03 14:20:40] DEBUG msgProcessor - processWsHttpServerMsg
[2013-05-03 14:20:40] DEBUG msgProcessor - processWsHttpServerMsg
[2013-05-03 14:20:41] DEBUG msgProcessor - processHttpServerMsg
[2013-05-03 14:21:38] DEBUG msgProcessor - processWsHttpServerMsg
[2013-05-03 14:35:09] INFO msgProcessor - clean StockData
[2013-05-03 15:35:09] INFO msgProcessor - clean StockData
[2013-05-03 16:35:09] INFO msgProcessor - clean StockData
[2013-05-03 17:35:09] INFO msgProcessor - clean StockData
[2013-05-03 18:35:09] INFO msgProcessor - clean StockData
[2013-05-03 19:35:09] INFO msgProcessor - clean StockData
[2013-05-03 20:35:09] INFO msgProcessor - clean StockData
[2013-05-03 21:17:04] DEBUG msgProcessor - processHttpServerMsg
[2013-05-03 21:17:04] DEBUG msgProcessor - processHttpServerMsg
[2013-05-03 21:17:04] DEBUG msgProcessor - processHttpServerMsg
[2013-05-03 21:17:04] DEBUG msgProcessor - processHttpServerMsg
[2013-05-03 21:17:04] DEBUG msgProcessor - processHttpServerMsg
[2013-05-03 21:17:04] DEBUG msgProcessor - processHttpServerMsg
[2013-05-03 21:17:04] DEBUG msgProcessor - processHttpServerMsg
[2013-05-03 21:17:04] DEBUG msgProcessor - processHttpServerMsg
[2013-05-03 21:17:06] DEBUG msgProcessor - processHttpServerMsg
[2013-05-03 21:17:06] INFO WsHttpServer - accept client from 183.239.28.81
[2013-05-03 21:17:06] DEBUG msgProcessor - processWsHttpServerMsg
[2013-05-03 21:17:06] DEBUG msgProcessor - processWsHttpServerMsg
[2013-05-03 21:17:06] DEBUG msgProcessor - processHttpServerMsg
[2013-05-03 21:17:14] DEBUG msgProcessor - processHttpServerMsg
[2013-05-03 21:17:14] DEBUG msgProcessor - processHttpServerMsg
[2013-05-03 21:17:14] DEBUG msgProcessor - processHttpServerMsg
[2013-05-03 21:17:14] DEBUG msgProcessor - processHttpServerMsg
[2013-05-03 21:17:14] DEBUG msgProcessor - processHttpServerMsg
[2013-05-03 21:17:14] DEBUG msgProcessor - processHttpServerMsg
[2013-05-03 21:17:14] DEBUG msgProcessor - processHttpServerMsg
[2013-05-03 21:17:14] DEBUG msgProcessor - processHttpServerMsg
[2013-05-03 21:17:15] DEBUG msgProcessor - processHttpServerMsg
[2013-05-03 21:17:15] DEBUG msgProcessor - processHttpServerMsg
[2013-05-03 21:17:15] INFO WsHttpServer - accept client from 183.239.28.81
[2013-05-03 21:17:15] DEBUG msgProcessor - processWsHttpServerMsg
[2013-05-03 21:17:15] DEBUG msgProcessor - processWsHttpServerMsg
[2013-05-03 21:17:15] DEBUG msgProcessor - processHttpServerMsg
[2013-05-03 21:17:20] DEBUG msgProcessor - processWsHttpServerMsg
[2013-05-03 21:33:18] DEBUG msgProcessor - processWsHttpServerMsg
[2013-05-03 21:35:09] INFO msgProcessor - clean StockData
[2013-05-03 21:36:14] DEBUG msgProcessor - processHttpServerMsg
[2013-05-03 21:36:14] DEBUG msgProcessor - processHttpServerMsg
[2013-05-03 21:36:14] DEBUG msgProcessor - processHttpServerMsg
[2013-05-03 21:36:14] DEBUG msgProcessor - processHttpServerMsg
[2013-05-03 21:36:14] DEBUG msgProcessor - processHttpServerMsg
[2013-05-03 21:36:14] DEBUG msgProcessor - processHttpServerMsg
[2013-05-03 21:42:24] DEBUG msgProcessor - processHttpServerMsg
[2013-05-03 21:42:25] DEBUG msgProcessor - processHttpServerMsg
[2013-05-03 21:42:26] DEBUG msgProcessor - processHttpServerMsg
[2013-05-03 21:42:26] DEBUG msgProcessor - processHttpServerMsg
[2013-05-03 21:42:26] DEBUG msgProcessor - processHttpServerMsg
[2013-05-03 21:42:26] DEBUG msgProcessor - processHttpServerMsg
[2013-05-03 21:42:26] DEBUG msgProcessor - processHttpServerMsg
[2013-05-03 21:42:26] DEBUG msgProcessor - processHttpServerMsg
[2013-05-03 21:42:27] DEBUG msgProcessor - processHttpServerMsg
[2013-05-03 21:42:27] DEBUG msgProcessor - processHttpServerMsg
[2013-05-03 21:42:35] DEBUG msgProcessor - processHttpServerMsg
[2013-05-03 21:42:36] DEBUG msgProcessor - processHttpServerMsg
[2013-05-03 21:42:36] DEBUG msgProcessor - processHttpServerMsg
[2013-05-03 21:42:36] DEBUG msgProcessor - processHttpServerMsg
[2013-05-03 21:42:36] DEBUG msgProcessor - processHttpServerMsg
[2013-05-03 21:42:36] DEBUG msgProcessor - processHttpServerMsg
[2013-05-03 21:42:36] DEBUG msgProcessor - processHttpServerMsg
[2013-05-03 21:42:36] DEBUG msgProcessor - processHttpServerMsg
[2013-05-03 21:42:37] DEBUG msgProcessor - processHttpServerMsg
[2013-05-03 21:42:37] INFO WsHttpServer - accept client from 113.111.197.40
[2013-05-03 21:42:37] DEBUG msgProcessor - processWsHttpServerMsg
[2013-05-03 21:42:37] DEBUG msgProcessor - processWsHttpServerMsg
[2013-05-03 21:42:37] ERROR msgProcessor - can not parse buffer to json
[2013-05-03 21:42:37] DEBUG msgProcessor - processHttpServerMsg
[2013-05-03 21:43:07] DEBUG msgProcessor - processHttpServerMsg
[2013-05-03 21:43:07] DEBUG msgProcessor - processHttpServerMsg
[2013-05-03 21:43:07] DEBUG msgProcessor - processHttpServerMsg
[2013-05-03 21:43:07] DEBUG msgProcessor - processHttpServerMsg
[2013-05-03 21:43:07] DEBUG msgProcessor - processHttpServerMsg
[2013-05-03 21:43:07] DEBUG msgProcessor - processHttpServerMsg
[2013-05-03 21:43:08] DEBUG msgProcessor - processHttpServerMsg
[2013-05-03 21:43:08] DEBUG msgProcessor - processHttpServerMsg
[2013-05-03 21:43:09] DEBUG msgProcessor - processHttpServerMsg
[2013-05-03 21:43:09] INFO WsHttpServer - accept client from 183.239.28.81
[2013-05-03 21:43:09] DEBUG msgProcessor - processWsHttpServerMsg
[2013-05-03 21:43:09] DEBUG msgProcessor - processWsHttpServerMsg
[2013-05-03 21:43:09] DEBUG msgProcessor - processHttpServerMsg
[2013-05-03 21:46:11] DEBUG msgProcessor - processHttpServerMsg
[2013-05-03 21:46:11] DEBUG msgProcessor - processHttpServerMsg
[2013-05-03 21:46:11] DEBUG msgProcessor - processHttpServerMsg
[2013-05-03 21:46:11] DEBUG msgProcessor - processHttpServerMsg
[2013-05-03 21:46:11] DEBUG msgProcessor - processHttpServerMsg
[2013-05-03 21:46:11] DEBUG msgProcessor - processHttpServerMsg
[2013-05-03 21:46:11] DEBUG msgProcessor - processWsHttpServerMsg
[2013-05-03 21:46:11] DEBUG msgProcessor - processHttpServerMsg
[2013-05-03 21:46:11] DEBUG msgProcessor - processHttpServerMsg
[2013-05-03 21:46:12] DEBUG msgProcessor - processHttpServerMsg
[2013-05-03 21:46:12] INFO WsHttpServer - accept client from 113.111.197.40
[2013-05-03 21:46:12] DEBUG msgProcessor - processWsHttpServerMsg
[2013-05-03 21:46:12] DEBUG msgProcessor - processHttpServerMsg
[2013-05-03 21:46:12] DEBUG msgProcessor - processWsHttpServerMsg
[2013-05-03 21:46:12] ERROR msgProcessor - can not parse buffer to json
[2013-05-03 21:46:54] DEBUG msgProcessor - processHttpServerMsg
[2013-05-03 21:46:55] DEBUG msgProcessor - processHttpServerMsg
[2013-05-03 21:46:55] DEBUG msgProcessor - processHttpServerMsg
[2013-05-03 21:46:55] DEBUG msgProcessor - processHttpServerMsg
[2013-05-03 21:46:55] DEBUG msgProcessor - processHttpServerMsg
[2013-05-03 21:46:55] DEBUG msgProcessor - processHttpServerMsg
[2013-05-03 21:46:55] DEBUG msgProcessor - processHttpServerMsg
[2013-05-03 21:46:55] DEBUG msgProcessor - processHttpServerMsg
[2013-05-03 21:46:56] DEBUG msgProcessor - processHttpServerMsg
[2013-05-03 21:46:56] DEBUG msgProcessor - processHttpServerMsg
[2013-05-03 21:46:56] DEBUG msgProcessor - processHttpServerMsg
[2013-05-03 21:46:57] DEBUG msgProcessor - processHttpServerMsg
[2013-05-03 21:47:51] DEBUG msgProcessor - processHttpServerMsg
[2013-05-03 21:47:51] DEBUG msgProcessor - processHttpServerMsg
[2013-05-03 21:47:51] DEBUG msgProcessor - processHttpServerMsg
[2013-05-03 21:47:51] DEBUG msgProcessor - processHttpServerMsg
[2013-05-03 21:47:51] DEBUG msgProcessor - processHttpServerMsg
[2013-05-03 21:47:51] DEBUG msgProcessor - processHttpServerMsg
[2013-05-03 21:47:51] DEBUG msgProcessor - processHttpServerMsg
[2013-05-03 21:47:51] DEBUG msgProcessor - processHttpServerMsg
[2013-05-03 21:47:52] DEBUG msgProcessor - processHttpServerMsg
[2013-05-03 21:48:36] DEBUG msgProcessor - processWsHttpServerMsg
[2013-05-03 21:50:24] INFO WsHttpServer - accept client from 119.32.38.99
[2013-05-03 21:50:24] DEBUG msgProcessor - processWsHttpServerMsg
[2013-05-03 21:50:24] DEBUG msgProcessor - processWsHttpServerMsg
[2013-05-03 21:50:40] DEBUG msgProcessor - processWsHttpServerMsg
